

times in msec
 clock   self+sourced   self:  sourced script
 clock   elapsed:              other lines

000.018  000.018: --- NVIM STARTING ---
000.409  000.391: locale set
004.148  003.739: inits 1
004.165  000.016: window checked
004.432  000.268: parsing arguments
004.438  000.005: expanding arguments
004.483  000.046: inits 2
004.745  000.262: init highlight
008.219  003.294  003.294: sourcing /home/santi/.config/nvim/autoload/plug.vim
011.191  000.029  000.029: sourcing /usr/share/nvim/runtime/ftoff.vim
011.501  000.018  000.018: sourcing /home/santi/.config/nvim/plugged/tern_for_vim/ftdetect/tern.vim
012.037  000.038  000.038: sourcing /home/santi/.config/nvim/plugged/vim-javascript/ftdetect/javascript.vim
012.353  000.044  000.044: sourcing /home/santi/.config/nvim/plugged/vim-coffee-script/ftdetect/coffee.vim
028.825  000.046  000.046: sourcing /home/santi/.config/nvim/plugged/ultisnips/ftdetect/UltiSnips.vim
028.883  000.034  000.034: sourcing /home/santi/.config/nvim/plugged/ultisnips/ftdetect/snippets.vim
029.070  015.975  015.894: sourcing /usr/share/nvim/runtime/filetype.vim
029.243  000.040  000.040: sourcing /usr/share/nvim/runtime/ftplugin.vim
029.438  000.041  000.041: sourcing /usr/share/nvim/runtime/indent.vim
029.966  000.217  000.217: sourcing /usr/share/nvim/runtime/syntax/syncolor.vim
030.114  000.486  000.268: sourcing /usr/share/nvim/runtime/syntax/synload.vim
030.155  000.644  000.158: sourcing /usr/share/nvim/runtime/syntax/syntax.vim
030.425  000.109  000.109: sourcing /usr/share/nvim/runtime/syntax/nosyntax.vim
030.806  000.149  000.149: sourcing /usr/share/nvim/runtime/syntax/syncolor.vim
030.923  000.388  000.239: sourcing /usr/share/nvim/runtime/syntax/synload.vim
030.956  000.673  000.176: sourcing /usr/share/nvim/runtime/syntax/syntax.vim
031.398  000.204  000.204: sourcing /usr/share/nvim/runtime/syntax/syncolor.vim
031.904  000.192  000.192: sourcing /usr/share/nvim/runtime/syntax/syncolor.vim
032.290  000.187  000.187: sourcing /usr/share/nvim/runtime/syntax/syncolor.vim
051.049  019.571  019.192: sourcing /home/santi/.config/nvim/plugged/papercolor-theme/colors/PaperColor.vim
051.163  046.304  005.732: sourcing /home/santi/.config/nvim/init.vim
051.168  000.119: sourcing vimrc file(s)
051.535  000.151  000.151: sourcing /home/santi/.config/nvim/plugged/vim-airline/autoload/airline.vim
051.758  000.099  000.099: sourcing /home/santi/.config/nvim/plugged/vim-airline/autoload/airline/init.vim
052.307  000.171  000.171: sourcing /home/santi/.config/nvim/plugged/vim-airline/autoload/airline/parts.vim
052.912  001.628  001.206: sourcing /home/santi/.config/nvim/plugged/vim-airline/plugin/airline.vim
053.012  000.019  000.019: sourcing /home/santi/.config/nvim/plugged/vim-airline-themes/plugin/airline-themes.vim
053.576  000.309  000.309: sourcing /home/santi/.config/nvim/plugged/ctrlp.vim/autoload/ctrlp/mrufiles.vim
053.721  000.639  000.330: sourcing /home/santi/.config/nvim/plugged/ctrlp.vim/plugin/ctrlp.vim
054.043  000.246  000.246: sourcing /home/santi/.config/nvim/plugged/vim-signify/plugin/signify.vim
054.418  000.199  000.199: sourcing /home/santi/.config/nvim/plugged/vim-indent-guides/autoload/indent_guides.vim
054.762  000.639  000.440: sourcing /home/santi/.config/nvim/plugged/vim-indent-guides/plugin/indent_guides.vim
055.119  000.015  000.015: sourcing /home/santi/.config/nvim/plugged/syntastic/plugin/syntastic/autoloclist.vim
055.149  000.010  000.010: sourcing /home/santi/.config/nvim/plugged/syntastic/plugin/syntastic/balloons.vim
055.176  000.011  000.011: sourcing /home/santi/.config/nvim/plugged/syntastic/plugin/syntastic/checker.vim
055.203  000.010  000.010: sourcing /home/santi/.config/nvim/plugged/syntastic/plugin/syntastic/cursor.vim
055.229  000.010  000.010: sourcing /home/santi/.config/nvim/plugged/syntastic/plugin/syntastic/highlighting.vim
055.255  000.010  000.010: sourcing /home/santi/.config/nvim/plugged/syntastic/plugin/syntastic/loclist.vim
055.284  000.013  000.013: sourcing /home/santi/.config/nvim/plugged/syntastic/plugin/syntastic/modemap.vim
055.311  000.010  000.010: sourcing /home/santi/.config/nvim/plugged/syntastic/plugin/syntastic/notifiers.vim
055.368  000.012  000.012: sourcing /home/santi/.config/nvim/plugged/syntastic/plugin/syntastic/registry.vim
055.396  000.010  000.010: sourcing /home/santi/.config/nvim/plugged/syntastic/plugin/syntastic/signs.vim
056.043  000.451  000.451: sourcing /home/santi/.config/nvim/plugged/syntastic/autoload/syntastic/util.vim
066.702  000.048  000.048: sourcing /home/santi/.config/nvim/plugged/syntastic/plugin/syntastic/autoloclist.vim
066.877  000.126  000.126: sourcing /home/santi/.config/nvim/plugged/syntastic/plugin/syntastic/balloons.vim
067.429  000.498  000.498: sourcing /home/santi/.config/nvim/plugged/syntastic/plugin/syntastic/checker.vim
067.735  000.258  000.258: sourcing /home/santi/.config/nvim/plugged/syntastic/plugin/syntastic/cursor.vim
067.998  000.218  000.218: sourcing /home/santi/.config/nvim/plugged/syntastic/plugin/syntastic/highlighting.vim
068.799  000.756  000.756: sourcing /home/santi/.config/nvim/plugged/syntastic/plugin/syntastic/loclist.vim
069.074  000.227  000.227: sourcing /home/santi/.config/nvim/plugged/syntastic/plugin/syntastic/modemap.vim
069.317  000.199  000.199: sourcing /home/santi/.config/nvim/plugged/syntastic/plugin/syntastic/notifiers.vim
070.339  000.976  000.976: sourcing /home/santi/.config/nvim/plugged/syntastic/plugin/syntastic/registry.vim
070.654  000.259  000.259: sourcing /home/santi/.config/nvim/plugged/syntastic/plugin/syntastic/signs.vim
072.855  017.442  013.425: sourcing /home/santi/.config/nvim/plugged/syntastic/plugin/syntastic.vim
073.988  000.208  000.208: sourcing /usr/share/nvim/runtime/autoload/provider/pythonx.vim
125.353  000.686  000.686: sourcing /usr/share/nvim/runtime/autoload/remote/host.vim
125.703  052.256  051.361: sourcing /usr/share/nvim/runtime/autoload/provider/python3.vim
126.477  000.254  000.254: sourcing /home/santi/.config/nvim/plugged/ultisnips/autoload/UltiSnips/map_keys.vim
126.846  053.799  001.288: sourcing /home/santi/.config/nvim/plugged/ultisnips/plugin/UltiSnips.vim
128.064  000.434  000.434: sourcing /usr/share/nvim/runtime/plugin/gzip.vim
128.181  000.070  000.070: sourcing /usr/share/nvim/runtime/plugin/man.vim
129.632  001.409  001.409: sourcing /usr/share/nvim/runtime/plugin/matchit.vim
130.181  000.500  000.500: sourcing /usr/share/nvim/runtime/plugin/matchparen.vim
131.559  001.328  001.328: sourcing /usr/share/nvim/runtime/plugin/netrwPlugin.vim
131.767  000.137  000.137: sourcing /usr/share/nvim/runtime/plugin/rplugin.vim
131.870  000.044  000.044: sourcing /usr/share/nvim/runtime/plugin/rrhelper.vim
132.161  000.237  000.237: sourcing /usr/share/nvim/runtime/plugin/shada.vim
132.306  000.072  000.072: sourcing /usr/share/nvim/runtime/plugin/spellfile.vim
132.746  000.380  000.380: sourcing /usr/share/nvim/runtime/plugin/tarPlugin.vim
133.075  000.263  000.263: sourcing /usr/share/nvim/runtime/plugin/tohtml.vim
133.211  000.075  000.075: sourcing /usr/share/nvim/runtime/plugin/tutor.vim
133.674  000.405  000.405: sourcing /usr/share/nvim/runtime/plugin/vimballPlugin.vim
134.219  000.464  000.464: sourcing /usr/share/nvim/runtime/plugin/zipPlugin.vim
134.853  000.265  000.265: sourcing /home/santi/.config/nvim/plugged/ultisnips/after/plugin/UltiSnips_after.vim
134.906  003.133: loading plugins
134.925  000.019: inits 3
144.178  009.253: reading ShaDa
145.677  001.499: clearing screen
146.526  000.291  000.291: sourcing /home/santi/.config/nvim/plugged/vim-airline/autoload/airline/extensions.vim
146.921  000.255  000.255: sourcing /home/santi/.config/nvim/plugged/vim-airline/autoload/airline/extensions/quickfix.vim
147.238  000.076  000.076: sourcing /home/santi/.config/nvim/plugged/vim-airline/autoload/airline/extensions/netrw.vim
147.594  000.137  000.137: sourcing /home/santi/.config/nvim/plugged/vim-airline/autoload/airline/extensions/ctrlp.vim
148.004  000.158  000.158: sourcing /home/santi/.config/nvim/plugged/vim-airline/autoload/airline/extensions/hunks.vim
148.353  000.053  000.053: sourcing /home/santi/.config/nvim/plugged/vim-airline/autoload/airline/extensions/syntastic.vim
148.852  000.278  000.278: sourcing /home/santi/.config/nvim/plugged/vim-airline/autoload/airline/extensions/whitespace.vim
149.187  000.073  000.073: sourcing /home/santi/.config/nvim/plugged/vim-airline/autoload/airline/extensions/po.vim
149.463  000.089  000.089: sourcing /home/santi/.config/nvim/plugged/vim-airline/autoload/airline/extensions/wordcount.vim
149.988  000.311  000.311: sourcing /home/santi/.config/nvim/plugged/vim-airline/autoload/airline/extensions/tabline.vim
150.288  000.110  000.110: sourcing /home/santi/.config/nvim/plugged/vim-airline/autoload/airline/extensions/tabline/autoshow.vim
150.785  000.252  000.252: sourcing /home/santi/.config/nvim/plugged/vim-airline/autoload/airline/extensions/tabline/tabs.vim
151.294  000.323  000.323: sourcing /home/santi/.config/nvim/plugged/vim-airline/autoload/airline/extensions/tabline/buffers.vim
151.748  000.255  000.255: sourcing /home/santi/.config/nvim/plugged/vim-airline/autoload/airline/extensions/tabline/ctrlspace.vim
156.168  000.142  000.142: sourcing /home/santi/.config/nvim/plugged/vim-airline/autoload/airline/section.vim
156.749  000.300  000.300: sourcing /home/santi/.config/nvim/plugged/vim-airline/autoload/airline/highlighter.vim
160.616  000.089  000.089: sourcing /home/santi/.config/nvim/plugged/vim-airline/autoload/airline/themes.vim
160.942  000.569  000.480: sourcing /home/santi/.config/nvim/plugged/vim-airline-themes/autoload/airline/themes/powerlineish.vim
173.974  000.092  000.092: sourcing /home/santi/.config/nvim/plugged/vim-airline/autoload/airline/util.vim
179.110  000.107  000.107: sourcing /home/santi/.config/nvim/plugged/vim-airline/autoload/airline/builder.vim
179.519  000.092  000.092: sourcing /home/santi/.config/nvim/plugged/vim-airline/autoload/airline/extensions/default.vim
200.582  050.939: opening buffers
200.987  000.230  000.230: sourcing /home/santi/.config/nvim/plugged/syntastic/autoload/syntastic/log.vim
201.967  000.056  000.056: sourcing /home/santi/.config/nvim/plugged/vim-airline/autoload/airline/extensions/tabline/buflist.vim
202.046  001.179: BufEnter autocommands
202.050  000.004: editing files in windows
208.576  006.526: VimEnter autocommands
208.865  000.144  000.144: sourcing /usr/share/nvim/runtime/autoload/provider/clipboard.vim
208.872  000.151: before starting main loop
213.781  000.135  000.135: sourcing /home/santi/.config/nvim/plugged/vim-signify/autoload/sy.vim
215.672  006.665: first screen update
215.676  000.004: --- NVIM STARTED ---
